[2022-07-31 14:53:02,316 [INFO] Product successfully created from [Sheet: Brand & Category, Line: 8]
[2022-07-31 14:53:08,484 [INFO] Product successfully created from [Sheet: Brand & Category, Line: 9]
[2022-07-31 14:53:17,568 [INFO] Product successfully created from [Sheet: Brand & Category, Line: 10]
[2022-07-31 14:53:28,916 [INFO] Product successfully created from [Sheet: Brand & Category, Line: 11]
[2022-07-31 14:53:44,354 [INFO] Product successfully created from [Sheet: Brand & Category, Line: 12]
[2022-07-31 14:53:51,197 [INFO] Product successfully created from [Sheet: Brand & Category, Line: 13]
[2022-07-31 14:54:06,246 [INFO] Product successfully created from [Sheet: Brand & Category, Line: 14]
[2022-07-31 14:54:11,710 [INFO] Product successfully created from [Sheet: Brand & Category, Line: 15]
[2022-07-31 14:54:20,179 [INFO] Product successfully created from [Sheet: Brand & Category, Line: 16]
[2022-07-31 14:54:35,975 [INFO] Product successfully created from [Sheet: Brand & Category, Line: 17]
[2022-07-31 14:54:44,499 [INFO] Product successfully created from [Sheet: Brand & Category, Line: 18]
[2022-07-31 14:54:57,954 [INFO] Product successfully created from [Sheet: Brand & Category, Line: 19]
[2022-07-31 14:55:10,882 [INFO] Product successfully created from [Sheet: Brand & Category, Line: 20]
[2022-07-31 14:55:23,635 [INFO] Product successfully created from [Sheet: Brand & Category, Line: 21]
[2022-07-31 14:55:30,533 [INFO] Product successfully created from [Sheet: Brand & Category, Line: 22]
[2022-07-31 14:55:36,470 [INFO] Product successfully created from [Sheet: Brand & Category, Line: 23]
[2022-07-31 14:55:49,395 [INFO] Product successfully created from [Sheet: Brand & Category, Line: 24]
[2022-07-31 14:55:55,279 [INFO] Product successfully created from [Sheet: Brand & Category, Line: 25]
[2022-07-31 14:56:01,077 [INFO] Product successfully created from [Sheet: Brand & Category, Line: 26]
[2022-07-31 14:56:06,947 [INFO] Product successfully created from [Sheet: Brand & Category, Line: 27]
[2022-07-31 14:56:13,114 [INFO] Product successfully created from [Sheet: Brand & Category, Line: 28]
[2022-07-31 14:56:19,814 [INFO] Product successfully created from [Sheet: Brand & Category, Line: 29]
[2022-07-31 14:56:33,004 [INFO] Product successfully created from [Sheet: Brand & Category, Line: 30]
[2022-07-31 14:56:38,886 [INFO] Product successfully created from [Sheet: Brand & Category, Line: 31]
[2022-07-31 14:56:51,665 [INFO] Product successfully created from [Sheet: Brand & Category, Line: 32]
[2022-07-31 14:56:57,673 [INFO] Product successfully created from [Sheet: Brand & Category, Line: 33]
[2022-07-31 14:57:13,412 [INFO] Product successfully created from [Sheet: Brand & Category, Line: 34]
[2022-07-31 14:57:27,637 [INFO] Product successfully created from [Sheet: Brand & Category, Line: 35]
[2022-07-31 14:57:34,744 [INFO] Product successfully created from [Sheet: Brand & Category, Line: 36]
[2022-07-31 14:57:43,120 [INFO] Product successfully created from [Sheet: Brand & Category, Line: 37]
[2022-07-31 14:58:05,922 [INFO] Product successfully created from [Sheet: Steering Wheels & Pedals, Line: 3]
[2022-07-31 14:58:45,012 [INFO] Product successfully created from [Sheet: Steering Wheels & Pedals, Line: 4]
[2022-07-31 14:59:21,797 [WARNING] Product [Sheet: Steering Wheels & Pedals, Line: 5] not created due invalid SKU: nan
[2022-07-31 14:59:22,646 [INFO] Product successfully created from [Sheet: Steering Wheels & Pedals, Line: 6]
[2022-07-31 15:04:01,344 [WARNING] Product [Sheet: Steering Wheels & Pedals, Line: 3] successfully updated
[2022-07-31 15:04:01,734 [WARNING] Product not found by sku: ACAEOTSAS70214
[2022-07-31 15:04:01,734 [WARNING] Product [Sheet: Steering Wheels & Pedals, Line: 5] not created due invalid SKU: nan
[2022-07-31 15:04:02,624 [WARNING] Product [Sheet: Steering Wheels & Pedals, Line: 6] successfully updated
[2022-07-31 15:04:03,333 [INFO] Product successfully created from [Sheet: Steering Wheels & Pedals, Line: 7]
[2022-07-31 15:04:36,627 [INFO] Product successfully created from [Sheet: Steering Wheels & Pedals, Line: 8]
